Sat, 09 Mar 2019 21:44:49 train.py[line:53] INFO Epoch 1 @ 2019-03-09 21:44:49.398334
Sat, 09 Mar 2019 21:44:51 train.py[line:56] INFO Loss = 13.512510299682617
Sat, 09 Mar 2019 21:44:51 train.py[line:59] INFO Train acc_qm: 0.0
Sat, 09 Mar 2019 21:44:51 train.py[line:61] INFO Train parts acc: sel: 0.0, cond: 0.55, group: 0.85, order: 0.8
Sat, 09 Mar 2019 21:44:52 train.py[line:64] INFO Vak acc_qm: 0.0
Sat, 09 Mar 2019 21:44:52 train.py[line:66] INFO Val parts acc: sel: 0.0, cond: 0.6, group: 0.9, order: 0.7
Sat, 09 Mar 2019 21:44:52 train.py[line:74] INFO Saving cond model...
Sat, 09 Mar 2019 21:44:52 train.py[line:87] INFO  Best val sel = 0.0, cond = 0.6, group = 0.9, order = 0.7, tot = 0.0
Sat, 09 Mar 2019 21:44:52 train.py[line:53] INFO Epoch 2 @ 2019-03-09 21:44:52.330961
Sat, 09 Mar 2019 21:44:54 train.py[line:56] INFO Loss = 10.958569049835205
Sat, 09 Mar 2019 21:44:54 train.py[line:59] INFO Train acc_qm: 0.0
Sat, 09 Mar 2019 21:44:54 train.py[line:61] INFO Train parts acc: sel: 0.0, cond: 0.55, group: 0.85, order: 0.8
Sat, 09 Mar 2019 21:44:55 train.py[line:64] INFO Vak acc_qm: 0.0
Sat, 09 Mar 2019 21:44:55 train.py[line:66] INFO Val parts acc: sel: 0.0, cond: 0.6, group: 0.9, order: 0.7
Sat, 09 Mar 2019 21:44:55 train.py[line:87] INFO  Best val sel = 0.0, cond = 0.6, group = 0.9, order = 0.7, tot = 0.0
Sat, 09 Mar 2019 21:44:55 train.py[line:53] INFO Epoch 3 @ 2019-03-09 21:44:55.526136
Sat, 09 Mar 2019 21:44:57 train.py[line:56] INFO Loss = 9.983579397201538
Sat, 09 Mar 2019 21:44:58 train.py[line:59] INFO Train acc_qm: 0.0
Sat, 09 Mar 2019 21:44:58 train.py[line:61] INFO Train parts acc: sel: 0.0, cond: 0.55, group: 0.85, order: 0.8
Sat, 09 Mar 2019 21:44:59 train.py[line:64] INFO Vak acc_qm: 0.0
Sat, 09 Mar 2019 21:44:59 train.py[line:66] INFO Val parts acc: sel: 0.0, cond: 0.6, group: 0.9, order: 0.7
Sat, 09 Mar 2019 21:44:59 train.py[line:87] INFO  Best val sel = 0.0, cond = 0.6, group = 0.9, order = 0.7, tot = 0.0
Sat, 09 Mar 2019 21:44:59 train.py[line:53] INFO Epoch 4 @ 2019-03-09 21:44:59.588993
Sat, 09 Mar 2019 21:45:01 train.py[line:56] INFO Loss = 9.270973205566406
Sat, 09 Mar 2019 21:45:02 train.py[line:59] INFO Train acc_qm: 0.0
Sat, 09 Mar 2019 21:45:02 train.py[line:61] INFO Train parts acc: sel: 0.0, cond: 0.55, group: 0.85, order: 0.8
Sat, 09 Mar 2019 21:45:02 train.py[line:64] INFO Vak acc_qm: 0.0
Sat, 09 Mar 2019 21:45:02 train.py[line:66] INFO Val parts acc: sel: 0.0, cond: 0.6, group: 0.9, order: 0.7
Sat, 09 Mar 2019 21:45:02 train.py[line:87] INFO  Best val sel = 0.0, cond = 0.6, group = 0.9, order = 0.7, tot = 0.0
Sat, 09 Mar 2019 21:45:02 train.py[line:53] INFO Epoch 5 @ 2019-03-09 21:45:02.692808
Sat, 09 Mar 2019 21:45:04 train.py[line:56] INFO Loss = 8.629292488098145
Sat, 09 Mar 2019 21:45:05 train.py[line:59] INFO Train acc_qm: 0.0
Sat, 09 Mar 2019 21:45:05 train.py[line:61] INFO Train parts acc: sel: 0.0, cond: 0.55, group: 0.85, order: 0.8
Sat, 09 Mar 2019 21:45:05 train.py[line:64] INFO Vak acc_qm: 0.0
Sat, 09 Mar 2019 21:45:05 train.py[line:66] INFO Val parts acc: sel: 0.0, cond: 0.6, group: 0.9, order: 0.7
Sat, 09 Mar 2019 21:45:05 train.py[line:87] INFO  Best val sel = 0.0, cond = 0.6, group = 0.9, order = 0.7, tot = 0.0
Sat, 09 Mar 2019 21:45:05 train.py[line:53] INFO Epoch 6 @ 2019-03-09 21:45:05.820454
Sat, 09 Mar 2019 21:45:07 train.py[line:56] INFO Loss = 8.258207559585571
Sat, 09 Mar 2019 21:45:08 train.py[line:59] INFO Train acc_qm: 0.0
Sat, 09 Mar 2019 21:45:08 train.py[line:61] INFO Train parts acc: sel: 0.0, cond: 0.55, group: 0.85, order: 0.8
Sat, 09 Mar 2019 21:45:09 train.py[line:64] INFO Vak acc_qm: 0.0
Sat, 09 Mar 2019 21:45:09 train.py[line:66] INFO Val parts acc: sel: 0.0, cond: 0.6, group: 0.9, order: 0.7
Sat, 09 Mar 2019 21:45:09 train.py[line:87] INFO  Best val sel = 0.0, cond = 0.6, group = 0.9, order = 0.7, tot = 0.0
Sat, 09 Mar 2019 21:45:09 train.py[line:53] INFO Epoch 7 @ 2019-03-09 21:45:09.333316
Sat, 09 Mar 2019 21:45:11 train.py[line:56] INFO Loss = 8.05378532409668
Sat, 09 Mar 2019 21:45:12 train.py[line:59] INFO Train acc_qm: 0.0
Sat, 09 Mar 2019 21:45:12 train.py[line:61] INFO Train parts acc: sel: 0.0, cond: 0.55, group: 0.85, order: 0.8
Sat, 09 Mar 2019 21:45:13 train.py[line:64] INFO Vak acc_qm: 0.0
Sat, 09 Mar 2019 21:45:13 train.py[line:66] INFO Val parts acc: sel: 0.0, cond: 0.6, group: 0.9, order: 0.7
Sat, 09 Mar 2019 21:45:13 train.py[line:87] INFO  Best val sel = 0.0, cond = 0.6, group = 0.9, order = 0.7, tot = 0.0
Sat, 09 Mar 2019 21:45:13 train.py[line:53] INFO Epoch 8 @ 2019-03-09 21:45:13.258047
Sat, 09 Mar 2019 21:45:15 train.py[line:56] INFO Loss = 7.918658256530762
Sat, 09 Mar 2019 21:45:16 train.py[line:59] INFO Train acc_qm: 0.0
Sat, 09 Mar 2019 21:45:16 train.py[line:61] INFO Train parts acc: sel: 0.0, cond: 0.55, group: 0.85, order: 0.8
Sat, 09 Mar 2019 21:45:16 train.py[line:64] INFO Vak acc_qm: 0.0
Sat, 09 Mar 2019 21:45:16 train.py[line:66] INFO Val parts acc: sel: 0.0, cond: 0.6, group: 0.9, order: 0.7
Sat, 09 Mar 2019 21:45:16 train.py[line:87] INFO  Best val sel = 0.0, cond = 0.6, group = 0.9, order = 0.7, tot = 0.0
Sat, 09 Mar 2019 21:45:16 train.py[line:53] INFO Epoch 9 @ 2019-03-09 21:45:16.989460
Sat, 09 Mar 2019 21:45:19 train.py[line:56] INFO Loss = 7.898330926895142
Sat, 09 Mar 2019 21:45:19 train.py[line:59] INFO Train acc_qm: 0.0
Sat, 09 Mar 2019 21:45:19 train.py[line:61] INFO Train parts acc: sel: 0.0, cond: 0.55, group: 0.85, order: 0.8
Sat, 09 Mar 2019 21:45:20 train.py[line:64] INFO Vak acc_qm: 0.0
Sat, 09 Mar 2019 21:45:20 train.py[line:66] INFO Val parts acc: sel: 0.0, cond: 0.6, group: 0.9, order: 0.7
Sat, 09 Mar 2019 21:45:20 train.py[line:87] INFO  Best val sel = 0.0, cond = 0.6, group = 0.9, order = 0.7, tot = 0.0
Sat, 09 Mar 2019 21:45:20 train.py[line:53] INFO Epoch 10 @ 2019-03-09 21:45:20.601475
Sat, 09 Mar 2019 21:45:22 train.py[line:56] INFO Loss = 7.844981789588928
Sat, 09 Mar 2019 21:45:23 train.py[line:59] INFO Train acc_qm: 0.0
Sat, 09 Mar 2019 21:45:23 train.py[line:61] INFO Train parts acc: sel: 0.0, cond: 0.55, group: 0.85, order: 0.8
Sat, 09 Mar 2019 21:45:24 train.py[line:64] INFO Vak acc_qm: 0.0
Sat, 09 Mar 2019 21:45:24 train.py[line:66] INFO Val parts acc: sel: 0.0, cond: 0.6, group: 0.9, order: 0.7
Sat, 09 Mar 2019 21:45:24 train.py[line:87] INFO  Best val sel = 0.0, cond = 0.6, group = 0.9, order = 0.7, tot = 0.0
Sat, 09 Mar 2019 21:45:24 train.py[line:53] INFO Epoch 11 @ 2019-03-09 21:45:24.354647
Sat, 09 Mar 2019 21:45:26 train.py[line:56] INFO Loss = 7.857415437698364
Sat, 09 Mar 2019 21:45:27 train.py[line:59] INFO Train acc_qm: 0.0
Sat, 09 Mar 2019 21:45:27 train.py[line:61] INFO Train parts acc: sel: 0.0, cond: 0.55, group: 0.85, order: 0.8
Sat, 09 Mar 2019 21:45:28 train.py[line:64] INFO Vak acc_qm: 0.0
Sat, 09 Mar 2019 21:45:28 train.py[line:66] INFO Val parts acc: sel: 0.0, cond: 0.6, group: 0.9, order: 0.7
Sat, 09 Mar 2019 21:45:28 train.py[line:87] INFO  Best val sel = 0.0, cond = 0.6, group = 0.9, order = 0.7, tot = 0.0
Sat, 09 Mar 2019 21:45:28 train.py[line:53] INFO Epoch 12 @ 2019-03-09 21:45:28.033163
Sat, 09 Mar 2019 21:45:30 train.py[line:56] INFO Loss = 7.799096345901489
Sat, 09 Mar 2019 21:45:31 train.py[line:59] INFO Train acc_qm: 0.0
Sat, 09 Mar 2019 21:45:31 train.py[line:61] INFO Train parts acc: sel: 0.0, cond: 0.55, group: 0.85, order: 0.8
Sat, 09 Mar 2019 21:45:31 train.py[line:64] INFO Vak acc_qm: 0.0
Sat, 09 Mar 2019 21:45:31 train.py[line:66] INFO Val parts acc: sel: 0.0, cond: 0.6, group: 0.9, order: 0.7
Sat, 09 Mar 2019 21:45:31 train.py[line:87] INFO  Best val sel = 0.0, cond = 0.6, group = 0.9, order = 0.7, tot = 0.0
Sat, 09 Mar 2019 21:45:31 train.py[line:53] INFO Epoch 13 @ 2019-03-09 21:45:31.930370
Sat, 09 Mar 2019 21:45:34 train.py[line:56] INFO Loss = 7.7921799421310425
Sat, 09 Mar 2019 21:45:35 train.py[line:59] INFO Train acc_qm: 0.0
Sat, 09 Mar 2019 21:45:35 train.py[line:61] INFO Train parts acc: sel: 0.0, cond: 0.55, group: 0.85, order: 0.8
Sat, 09 Mar 2019 21:45:35 train.py[line:64] INFO Vak acc_qm: 0.0
Sat, 09 Mar 2019 21:45:35 train.py[line:66] INFO Val parts acc: sel: 0.0, cond: 0.6, group: 0.9, order: 0.7
Sat, 09 Mar 2019 21:45:35 train.py[line:87] INFO  Best val sel = 0.0, cond = 0.6, group = 0.9, order = 0.7, tot = 0.0
Sat, 09 Mar 2019 21:45:35 train.py[line:53] INFO Epoch 14 @ 2019-03-09 21:45:35.942745
Sat, 09 Mar 2019 21:45:38 train.py[line:56] INFO Loss = 7.771819710731506
Sat, 09 Mar 2019 21:45:39 train.py[line:59] INFO Train acc_qm: 0.0
Sat, 09 Mar 2019 21:45:39 train.py[line:61] INFO Train parts acc: sel: 0.0, cond: 0.55, group: 0.85, order: 0.8
Sat, 09 Mar 2019 21:45:39 train.py[line:64] INFO Vak acc_qm: 0.0
Sat, 09 Mar 2019 21:45:39 train.py[line:66] INFO Val parts acc: sel: 0.0, cond: 0.6, group: 0.9, order: 0.7
Sat, 09 Mar 2019 21:45:39 train.py[line:87] INFO  Best val sel = 0.0, cond = 0.6, group = 0.9, order = 0.7, tot = 0.0
Sat, 09 Mar 2019 21:45:39 train.py[line:53] INFO Epoch 15 @ 2019-03-09 21:45:39.949490
Sat, 09 Mar 2019 21:45:42 train.py[line:56] INFO Loss = 7.763960957527161
Sat, 09 Mar 2019 21:45:43 train.py[line:59] INFO Train acc_qm: 0.0
Sat, 09 Mar 2019 21:45:43 train.py[line:61] INFO Train parts acc: sel: 0.0, cond: 0.55, group: 0.85, order: 0.8
Sat, 09 Mar 2019 21:45:44 train.py[line:64] INFO Vak acc_qm: 0.0
Sat, 09 Mar 2019 21:45:44 train.py[line:66] INFO Val parts acc: sel: 0.0, cond: 0.6, group: 0.9, order: 0.7
Sat, 09 Mar 2019 21:45:44 train.py[line:87] INFO  Best val sel = 0.0, cond = 0.6, group = 0.9, order = 0.7, tot = 0.0
Sat, 09 Mar 2019 21:45:44 train.py[line:53] INFO Epoch 16 @ 2019-03-09 21:45:44.124277
Sat, 09 Mar 2019 21:45:46 train.py[line:56] INFO Loss = 7.754020929336548
Sat, 09 Mar 2019 21:45:47 train.py[line:59] INFO Train acc_qm: 0.0
Sat, 09 Mar 2019 21:45:47 train.py[line:61] INFO Train parts acc: sel: 0.0, cond: 0.55, group: 0.85, order: 0.8
Sat, 09 Mar 2019 21:45:48 train.py[line:64] INFO Vak acc_qm: 0.0
Sat, 09 Mar 2019 21:45:48 train.py[line:66] INFO Val parts acc: sel: 0.0, cond: 0.6, group: 0.9, order: 0.7
Sat, 09 Mar 2019 21:45:48 train.py[line:87] INFO  Best val sel = 0.0, cond = 0.6, group = 0.9, order = 0.7, tot = 0.0
Sat, 09 Mar 2019 21:45:48 train.py[line:53] INFO Epoch 17 @ 2019-03-09 21:45:48.182253
Sat, 09 Mar 2019 21:45:50 train.py[line:56] INFO Loss = 7.739850759506226
Sat, 09 Mar 2019 21:45:51 train.py[line:59] INFO Train acc_qm: 0.0
Sat, 09 Mar 2019 21:45:51 train.py[line:61] INFO Train parts acc: sel: 0.0, cond: 0.55, group: 0.85, order: 0.8
Sat, 09 Mar 2019 21:45:51 train.py[line:64] INFO Vak acc_qm: 0.0
Sat, 09 Mar 2019 21:45:51 train.py[line:66] INFO Val parts acc: sel: 0.0, cond: 0.6, group: 0.9, order: 0.7
Sat, 09 Mar 2019 21:45:51 train.py[line:87] INFO  Best val sel = 0.0, cond = 0.6, group = 0.9, order = 0.7, tot = 0.0
Sat, 09 Mar 2019 21:45:51 train.py[line:53] INFO Epoch 18 @ 2019-03-09 21:45:51.939356
Sat, 09 Mar 2019 21:45:54 train.py[line:56] INFO Loss = 7.756844997406006
Sat, 09 Mar 2019 21:45:54 train.py[line:59] INFO Train acc_qm: 0.0
Sat, 09 Mar 2019 21:45:54 train.py[line:61] INFO Train parts acc: sel: 0.0, cond: 0.55, group: 0.85, order: 0.8
Sat, 09 Mar 2019 21:45:55 train.py[line:64] INFO Vak acc_qm: 0.0
Sat, 09 Mar 2019 21:45:55 train.py[line:66] INFO Val parts acc: sel: 0.0, cond: 0.6, group: 0.9, order: 0.7
Sat, 09 Mar 2019 21:45:55 train.py[line:87] INFO  Best val sel = 0.0, cond = 0.6, group = 0.9, order = 0.7, tot = 0.0
Sat, 09 Mar 2019 21:45:55 train.py[line:53] INFO Epoch 19 @ 2019-03-09 21:45:55.634870
Sat, 09 Mar 2019 21:45:57 train.py[line:56] INFO Loss = 7.740437984466553
Sat, 09 Mar 2019 21:45:58 train.py[line:59] INFO Train acc_qm: 0.0
Sat, 09 Mar 2019 21:45:58 train.py[line:61] INFO Train parts acc: sel: 0.0, cond: 0.55, group: 0.85, order: 0.8
Sat, 09 Mar 2019 21:45:59 train.py[line:64] INFO Vak acc_qm: 0.0
Sat, 09 Mar 2019 21:45:59 train.py[line:66] INFO Val parts acc: sel: 0.0, cond: 0.6, group: 0.9, order: 0.7
Sat, 09 Mar 2019 21:45:59 train.py[line:87] INFO  Best val sel = 0.0, cond = 0.6, group = 0.9, order = 0.7, tot = 0.0
Sat, 09 Mar 2019 21:45:59 train.py[line:53] INFO Epoch 20 @ 2019-03-09 21:45:59.375004
Sat, 09 Mar 2019 21:46:01 train.py[line:56] INFO Loss = 7.716657519340515
Sat, 09 Mar 2019 21:46:02 train.py[line:59] INFO Train acc_qm: 0.0
Sat, 09 Mar 2019 21:46:02 train.py[line:61] INFO Train parts acc: sel: 0.0, cond: 0.55, group: 0.85, order: 0.8
Sat, 09 Mar 2019 21:46:03 train.py[line:64] INFO Vak acc_qm: 0.0
Sat, 09 Mar 2019 21:46:03 train.py[line:66] INFO Val parts acc: sel: 0.0, cond: 0.6, group: 0.9, order: 0.7
Sat, 09 Mar 2019 21:46:03 train.py[line:87] INFO  Best val sel = 0.0, cond = 0.6, group = 0.9, order = 0.7, tot = 0.0
Sat, 09 Mar 2019 21:46:03 train.py[line:53] INFO Epoch 21 @ 2019-03-09 21:46:03.013670
Sat, 09 Mar 2019 21:46:05 train.py[line:56] INFO Loss = 7.709138631820679
Sat, 09 Mar 2019 21:46:05 train.py[line:59] INFO Train acc_qm: 0.0
Sat, 09 Mar 2019 21:46:05 train.py[line:61] INFO Train parts acc: sel: 0.0, cond: 0.55, group: 0.85, order: 0.8
Sat, 09 Mar 2019 21:46:06 train.py[line:64] INFO Vak acc_qm: 0.0
Sat, 09 Mar 2019 21:46:06 train.py[line:66] INFO Val parts acc: sel: 0.0, cond: 0.6, group: 0.9, order: 0.7
Sat, 09 Mar 2019 21:46:06 train.py[line:87] INFO  Best val sel = 0.0, cond = 0.6, group = 0.9, order = 0.7, tot = 0.0
Sat, 09 Mar 2019 21:46:06 train.py[line:53] INFO Epoch 22 @ 2019-03-09 21:46:06.677930
Sat, 09 Mar 2019 21:46:08 train.py[line:56] INFO Loss = 7.699683785438538
Sat, 09 Mar 2019 21:46:09 train.py[line:59] INFO Train acc_qm: 0.0
Sat, 09 Mar 2019 21:46:09 train.py[line:61] INFO Train parts acc: sel: 0.0, cond: 0.55, group: 0.85, order: 0.8
Sat, 09 Mar 2019 21:46:10 train.py[line:64] INFO Vak acc_qm: 0.0
Sat, 09 Mar 2019 21:46:10 train.py[line:66] INFO Val parts acc: sel: 0.0, cond: 0.6, group: 0.9, order: 0.7
Sat, 09 Mar 2019 21:46:10 train.py[line:87] INFO  Best val sel = 0.0, cond = 0.6, group = 0.9, order = 0.7, tot = 0.0
Sat, 09 Mar 2019 21:46:10 train.py[line:53] INFO Epoch 23 @ 2019-03-09 21:46:10.335592
Sat, 09 Mar 2019 21:46:12 train.py[line:56] INFO Loss = 7.69779372215271
Sat, 09 Mar 2019 21:46:13 train.py[line:59] INFO Train acc_qm: 0.0
Sat, 09 Mar 2019 21:46:13 train.py[line:61] INFO Train parts acc: sel: 0.0, cond: 0.55, group: 0.85, order: 0.8
Sat, 09 Mar 2019 21:46:13 train.py[line:64] INFO Vak acc_qm: 0.0
Sat, 09 Mar 2019 21:46:13 train.py[line:66] INFO Val parts acc: sel: 0.0, cond: 0.6, group: 0.9, order: 0.7
Sat, 09 Mar 2019 21:46:13 train.py[line:87] INFO  Best val sel = 0.0, cond = 0.6, group = 0.9, order = 0.7, tot = 0.0
Sat, 09 Mar 2019 21:46:13 train.py[line:53] INFO Epoch 24 @ 2019-03-09 21:46:13.989984
Sat, 09 Mar 2019 21:46:16 train.py[line:56] INFO Loss = 7.6817193031311035
Sat, 09 Mar 2019 21:46:17 train.py[line:59] INFO Train acc_qm: 0.0
Sat, 09 Mar 2019 21:46:17 train.py[line:61] INFO Train parts acc: sel: 0.0, cond: 0.55, group: 0.85, order: 0.8
Sat, 09 Mar 2019 21:46:17 train.py[line:64] INFO Vak acc_qm: 0.0
Sat, 09 Mar 2019 21:46:17 train.py[line:66] INFO Val parts acc: sel: 0.0, cond: 0.6, group: 0.9, order: 0.7
Sat, 09 Mar 2019 21:46:17 train.py[line:87] INFO  Best val sel = 0.0, cond = 0.6, group = 0.9, order = 0.7, tot = 0.0
Sat, 09 Mar 2019 21:46:17 train.py[line:53] INFO Epoch 25 @ 2019-03-09 21:46:17.853266
Sat, 09 Mar 2019 21:46:20 train.py[line:56] INFO Loss = 7.666494846343994
Sat, 09 Mar 2019 21:46:21 train.py[line:59] INFO Train acc_qm: 0.0
Sat, 09 Mar 2019 21:46:21 train.py[line:61] INFO Train parts acc: sel: 0.0, cond: 0.55, group: 0.85, order: 0.8
Sat, 09 Mar 2019 21:46:21 train.py[line:64] INFO Vak acc_qm: 0.0
Sat, 09 Mar 2019 21:46:21 train.py[line:66] INFO Val parts acc: sel: 0.0, cond: 0.6, group: 0.9, order: 0.7
Sat, 09 Mar 2019 21:46:21 train.py[line:87] INFO  Best val sel = 0.0, cond = 0.6, group = 0.9, order = 0.7, tot = 0.0
Sat, 09 Mar 2019 21:46:21 train.py[line:53] INFO Epoch 26 @ 2019-03-09 21:46:21.856168
Sat, 09 Mar 2019 21:46:24 train.py[line:56] INFO Loss = 7.664745450019836
Sat, 09 Mar 2019 21:46:24 train.py[line:59] INFO Train acc_qm: 0.0
Sat, 09 Mar 2019 21:46:24 train.py[line:61] INFO Train parts acc: sel: 0.0, cond: 0.55, group: 0.85, order: 0.8
Sat, 09 Mar 2019 21:46:25 train.py[line:64] INFO Vak acc_qm: 0.0
Sat, 09 Mar 2019 21:46:25 train.py[line:66] INFO Val parts acc: sel: 0.0, cond: 0.6, group: 0.9, order: 0.7
Sat, 09 Mar 2019 21:46:25 train.py[line:87] INFO  Best val sel = 0.0, cond = 0.6, group = 0.9, order = 0.7, tot = 0.0
Sat, 09 Mar 2019 21:46:25 train.py[line:53] INFO Epoch 27 @ 2019-03-09 21:46:25.748529
Sat, 09 Mar 2019 21:46:27 train.py[line:56] INFO Loss = 7.654374718666077
Sat, 09 Mar 2019 21:46:28 train.py[line:59] INFO Train acc_qm: 0.0
Sat, 09 Mar 2019 21:46:28 train.py[line:61] INFO Train parts acc: sel: 0.0, cond: 0.55, group: 0.85, order: 0.8
Sat, 09 Mar 2019 21:46:29 train.py[line:64] INFO Vak acc_qm: 0.0
Sat, 09 Mar 2019 21:46:29 train.py[line:66] INFO Val parts acc: sel: 0.0, cond: 0.6, group: 0.9, order: 0.7
Sat, 09 Mar 2019 21:46:29 train.py[line:87] INFO  Best val sel = 0.0, cond = 0.6, group = 0.9, order = 0.7, tot = 0.0
Sat, 09 Mar 2019 21:46:29 train.py[line:53] INFO Epoch 28 @ 2019-03-09 21:46:29.516180
Sat, 09 Mar 2019 21:46:31 train.py[line:56] INFO Loss = 7.655797243118286
Sat, 09 Mar 2019 21:46:32 train.py[line:59] INFO Train acc_qm: 0.0
Sat, 09 Mar 2019 21:46:32 train.py[line:61] INFO Train parts acc: sel: 0.0, cond: 0.55, group: 0.85, order: 0.8
Sat, 09 Mar 2019 21:46:33 train.py[line:64] INFO Vak acc_qm: 0.0
Sat, 09 Mar 2019 21:46:33 train.py[line:66] INFO Val parts acc: sel: 0.0, cond: 0.6, group: 0.9, order: 0.7
Sat, 09 Mar 2019 21:46:33 train.py[line:87] INFO  Best val sel = 0.0, cond = 0.6, group = 0.9, order = 0.7, tot = 0.0
Sat, 09 Mar 2019 21:46:33 train.py[line:53] INFO Epoch 29 @ 2019-03-09 21:46:33.417790
Sat, 09 Mar 2019 21:46:35 train.py[line:56] INFO Loss = 7.645821452140808
Sat, 09 Mar 2019 21:46:36 train.py[line:59] INFO Train acc_qm: 0.0
Sat, 09 Mar 2019 21:46:36 train.py[line:61] INFO Train parts acc: sel: 0.0, cond: 0.55, group: 0.85, order: 0.8
Sat, 09 Mar 2019 21:46:37 train.py[line:64] INFO Vak acc_qm: 0.0
Sat, 09 Mar 2019 21:46:37 train.py[line:66] INFO Val parts acc: sel: 0.0, cond: 0.6, group: 0.9, order: 0.7
Sat, 09 Mar 2019 21:46:37 train.py[line:87] INFO  Best val sel = 0.0, cond = 0.6, group = 0.9, order = 0.7, tot = 0.0
Sat, 09 Mar 2019 21:46:37 train.py[line:53] INFO Epoch 30 @ 2019-03-09 21:46:37.391745
Sat, 09 Mar 2019 21:46:39 train.py[line:56] INFO Loss = 7.634883284568787
Sat, 09 Mar 2019 21:46:40 train.py[line:59] INFO Train acc_qm: 0.0
Sat, 09 Mar 2019 21:46:40 train.py[line:61] INFO Train parts acc: sel: 0.0, cond: 0.55, group: 0.85, order: 0.8
Sat, 09 Mar 2019 21:46:41 train.py[line:64] INFO Vak acc_qm: 0.0
Sat, 09 Mar 2019 21:46:41 train.py[line:66] INFO Val parts acc: sel: 0.0, cond: 0.6, group: 0.9, order: 0.7
Sat, 09 Mar 2019 21:46:41 train.py[line:87] INFO  Best val sel = 0.0, cond = 0.6, group = 0.9, order = 0.7, tot = 0.0
Sat, 09 Mar 2019 21:46:41 train.py[line:53] INFO Epoch 31 @ 2019-03-09 21:46:41.327134
Sat, 09 Mar 2019 21:46:43 train.py[line:56] INFO Loss = 7.652107238769531
Sat, 09 Mar 2019 21:46:44 train.py[line:59] INFO Train acc_qm: 0.0
Sat, 09 Mar 2019 21:46:44 train.py[line:61] INFO Train parts acc: sel: 0.0, cond: 0.55, group: 0.85, order: 0.8
Sat, 09 Mar 2019 21:46:45 train.py[line:64] INFO Vak acc_qm: 0.0
Sat, 09 Mar 2019 21:46:45 train.py[line:66] INFO Val parts acc: sel: 0.0, cond: 0.6, group: 0.9, order: 0.7
Sat, 09 Mar 2019 21:46:45 train.py[line:87] INFO  Best val sel = 0.0, cond = 0.6, group = 0.9, order = 0.7, tot = 0.0
Sat, 09 Mar 2019 21:46:45 train.py[line:53] INFO Epoch 32 @ 2019-03-09 21:46:45.309803
Sat, 09 Mar 2019 21:46:47 train.py[line:56] INFO Loss = 7.585812330245972
Sat, 09 Mar 2019 21:46:48 train.py[line:59] INFO Train acc_qm: 0.025
Sat, 09 Mar 2019 21:46:48 train.py[line:61] INFO Train parts acc: sel: 0.025, cond: 0.55, group: 0.85, order: 0.8
Sat, 09 Mar 2019 21:46:49 train.py[line:64] INFO Vak acc_qm: 0.0
Sat, 09 Mar 2019 21:46:49 train.py[line:66] INFO Val parts acc: sel: 0.0, cond: 0.6, group: 0.9, order: 0.7
Sat, 09 Mar 2019 21:46:49 train.py[line:87] INFO  Best val sel = 0.0, cond = 0.6, group = 0.9, order = 0.7, tot = 0.0
Sat, 09 Mar 2019 21:46:49 train.py[line:53] INFO Epoch 33 @ 2019-03-09 21:46:49.261485
Sat, 09 Mar 2019 21:46:51 train.py[line:56] INFO Loss = 7.561020374298096
Sat, 09 Mar 2019 21:46:52 train.py[line:59] INFO Train acc_qm: 0.025
Sat, 09 Mar 2019 21:46:52 train.py[line:61] INFO Train parts acc: sel: 0.025, cond: 0.55, group: 0.85, order: 0.8
Sat, 09 Mar 2019 21:46:53 train.py[line:64] INFO Vak acc_qm: 0.025
Sat, 09 Mar 2019 21:46:53 train.py[line:66] INFO Val parts acc: sel: 0.025, cond: 0.6, group: 0.9, order: 0.7
Sat, 09 Mar 2019 21:46:53 train.py[line:70] INFO Saving sel model...
Sat, 09 Mar 2019 21:46:53 train.py[line:87] INFO  Best val sel = 0.025, cond = 0.6, group = 0.9, order = 0.7, tot = 0.025
Sat, 09 Mar 2019 21:46:53 train.py[line:53] INFO Epoch 34 @ 2019-03-09 21:46:53.153420
Sat, 09 Mar 2019 21:46:55 train.py[line:56] INFO Loss = 7.588506579399109
Sat, 09 Mar 2019 21:46:56 train.py[line:59] INFO Train acc_qm: 0.025
Sat, 09 Mar 2019 21:46:56 train.py[line:61] INFO Train parts acc: sel: 0.025, cond: 0.55, group: 0.85, order: 0.8
Sat, 09 Mar 2019 21:46:57 train.py[line:64] INFO Vak acc_qm: 0.025
Sat, 09 Mar 2019 21:46:57 train.py[line:66] INFO Val parts acc: sel: 0.025, cond: 0.6, group: 0.9, order: 0.7
Sat, 09 Mar 2019 21:46:57 train.py[line:87] INFO  Best val sel = 0.025, cond = 0.6, group = 0.9, order = 0.7, tot = 0.025
Sat, 09 Mar 2019 21:46:57 train.py[line:53] INFO Epoch 35 @ 2019-03-09 21:46:57.028720
Sat, 09 Mar 2019 21:46:59 train.py[line:56] INFO Loss = 7.592211842536926
Sat, 09 Mar 2019 21:47:00 train.py[line:59] INFO Train acc_qm: 0.025
Sat, 09 Mar 2019 21:47:00 train.py[line:61] INFO Train parts acc: sel: 0.025, cond: 0.55, group: 0.85, order: 0.8
Sat, 09 Mar 2019 21:47:00 train.py[line:64] INFO Vak acc_qm: 0.025
Sat, 09 Mar 2019 21:47:00 train.py[line:66] INFO Val parts acc: sel: 0.025, cond: 0.6, group: 0.9, order: 0.7
Sat, 09 Mar 2019 21:47:00 train.py[line:87] INFO  Best val sel = 0.025, cond = 0.6, group = 0.9, order = 0.7, tot = 0.025
Sat, 09 Mar 2019 21:47:00 train.py[line:53] INFO Epoch 36 @ 2019-03-09 21:47:00.934035
Sat, 09 Mar 2019 21:47:03 train.py[line:56] INFO Loss = 7.543072581291199
Sat, 09 Mar 2019 21:47:03 train.py[line:59] INFO Train acc_qm: 0.025
Sat, 09 Mar 2019 21:47:03 train.py[line:61] INFO Train parts acc: sel: 0.025, cond: 0.55, group: 0.85, order: 0.8
Sat, 09 Mar 2019 21:47:04 train.py[line:64] INFO Vak acc_qm: 0.0125
Sat, 09 Mar 2019 21:47:04 train.py[line:66] INFO Val parts acc: sel: 0.0125, cond: 0.6, group: 0.9, order: 0.7
Sat, 09 Mar 2019 21:47:04 train.py[line:87] INFO  Best val sel = 0.025, cond = 0.6, group = 0.9, order = 0.7, tot = 0.025
Sat, 09 Mar 2019 21:47:04 train.py[line:53] INFO Epoch 37 @ 2019-03-09 21:47:04.711657
Sat, 09 Mar 2019 21:47:07 train.py[line:56] INFO Loss = 7.5430556535720825
Sat, 09 Mar 2019 21:47:07 train.py[line:59] INFO Train acc_qm: 0.025
Sat, 09 Mar 2019 21:47:07 train.py[line:61] INFO Train parts acc: sel: 0.025, cond: 0.55, group: 0.85, order: 0.8
Sat, 09 Mar 2019 21:47:08 train.py[line:64] INFO Vak acc_qm: 0.0125
Sat, 09 Mar 2019 21:47:08 train.py[line:66] INFO Val parts acc: sel: 0.0125, cond: 0.6, group: 0.9, order: 0.7
Sat, 09 Mar 2019 21:47:08 train.py[line:87] INFO  Best val sel = 0.025, cond = 0.6, group = 0.9, order = 0.7, tot = 0.025
Sat, 09 Mar 2019 21:47:08 train.py[line:53] INFO Epoch 38 @ 2019-03-09 21:47:08.638713
Sat, 09 Mar 2019 21:47:12 train.py[line:56] INFO Loss = 7.501709461212158
Sat, 09 Mar 2019 21:47:13 train.py[line:59] INFO Train acc_qm: 0.0375
Sat, 09 Mar 2019 21:47:13 train.py[line:61] INFO Train parts acc: sel: 0.0375, cond: 0.5375, group: 0.85, order: 0.8
Sat, 09 Mar 2019 21:47:14 train.py[line:64] INFO Vak acc_qm: 0.0375
Sat, 09 Mar 2019 21:47:14 train.py[line:66] INFO Val parts acc: sel: 0.0375, cond: 0.6, group: 0.9, order: 0.7
Sat, 09 Mar 2019 21:47:14 train.py[line:70] INFO Saving sel model...
Sat, 09 Mar 2019 21:47:14 train.py[line:87] INFO  Best val sel = 0.0375, cond = 0.6, group = 0.9, order = 0.7, tot = 0.0375
Sat, 09 Mar 2019 21:47:14 train.py[line:53] INFO Epoch 39 @ 2019-03-09 21:47:14.320797
Sat, 09 Mar 2019 21:47:16 train.py[line:56] INFO Loss = 7.478799939155579
Sat, 09 Mar 2019 21:47:17 train.py[line:59] INFO Train acc_qm: 0.025
Sat, 09 Mar 2019 21:47:17 train.py[line:61] INFO Train parts acc: sel: 0.025, cond: 0.5375, group: 0.85, order: 0.8
Sat, 09 Mar 2019 21:47:18 train.py[line:64] INFO Vak acc_qm: 0.025
Sat, 09 Mar 2019 21:47:18 train.py[line:66] INFO Val parts acc: sel: 0.025, cond: 0.6, group: 0.9, order: 0.7
Sat, 09 Mar 2019 21:47:18 train.py[line:87] INFO  Best val sel = 0.0375, cond = 0.6, group = 0.9, order = 0.7, tot = 0.0375
Sat, 09 Mar 2019 21:47:18 train.py[line:53] INFO Epoch 40 @ 2019-03-09 21:47:18.323168
Sat, 09 Mar 2019 21:47:20 train.py[line:56] INFO Loss = 7.469386458396912
Sat, 09 Mar 2019 21:47:21 train.py[line:59] INFO Train acc_qm: 0.025
Sat, 09 Mar 2019 21:47:21 train.py[line:61] INFO Train parts acc: sel: 0.025, cond: 0.5, group: 0.85, order: 0.8
Sat, 09 Mar 2019 21:47:22 train.py[line:64] INFO Vak acc_qm: 0.025
Sat, 09 Mar 2019 21:47:22 train.py[line:66] INFO Val parts acc: sel: 0.025, cond: 0.6, group: 0.9, order: 0.7
Sat, 09 Mar 2019 21:47:22 train.py[line:87] INFO  Best val sel = 0.0375, cond = 0.6, group = 0.9, order = 0.7, tot = 0.0375
Sat, 09 Mar 2019 21:47:22 train.py[line:53] INFO Epoch 41 @ 2019-03-09 21:47:22.006889
Sat, 09 Mar 2019 21:47:24 train.py[line:56] INFO Loss = 7.461769700050354
Sat, 09 Mar 2019 21:47:25 train.py[line:59] INFO Train acc_qm: 0.025
Sat, 09 Mar 2019 21:47:25 train.py[line:61] INFO Train parts acc: sel: 0.025, cond: 0.5, group: 0.85, order: 0.8
Sat, 09 Mar 2019 21:47:26 train.py[line:64] INFO Vak acc_qm: 0.025
Sat, 09 Mar 2019 21:47:26 train.py[line:66] INFO Val parts acc: sel: 0.025, cond: 0.6, group: 0.9, order: 0.7
Sat, 09 Mar 2019 21:47:26 train.py[line:87] INFO  Best val sel = 0.0375, cond = 0.6, group = 0.9, order = 0.7, tot = 0.0375
Sat, 09 Mar 2019 21:47:26 train.py[line:53] INFO Epoch 42 @ 2019-03-09 21:47:26.406287
Sat, 09 Mar 2019 21:47:28 train.py[line:56] INFO Loss = 7.439002752304077
Sat, 09 Mar 2019 21:47:29 train.py[line:59] INFO Train acc_qm: 0.0375
Sat, 09 Mar 2019 21:47:29 train.py[line:61] INFO Train parts acc: sel: 0.0375, cond: 0.5, group: 0.85, order: 0.8
Sat, 09 Mar 2019 21:47:30 train.py[line:64] INFO Vak acc_qm: 0.0375
Sat, 09 Mar 2019 21:47:30 train.py[line:66] INFO Val parts acc: sel: 0.0375, cond: 0.6, group: 0.9, order: 0.7
Sat, 09 Mar 2019 21:47:30 train.py[line:87] INFO  Best val sel = 0.0375, cond = 0.6, group = 0.9, order = 0.7, tot = 0.0375
Sat, 09 Mar 2019 21:47:30 train.py[line:53] INFO Epoch 43 @ 2019-03-09 21:47:30.264904
Sat, 09 Mar 2019 21:47:32 train.py[line:56] INFO Loss = 7.444185137748718
Sat, 09 Mar 2019 21:47:33 train.py[line:59] INFO Train acc_qm: 0.025
Sat, 09 Mar 2019 21:47:33 train.py[line:61] INFO Train parts acc: sel: 0.025, cond: 0.5375, group: 0.85, order: 0.8
Sat, 09 Mar 2019 21:47:34 train.py[line:64] INFO Vak acc_qm: 0.025
Sat, 09 Mar 2019 21:47:34 train.py[line:66] INFO Val parts acc: sel: 0.025, cond: 0.6, group: 0.9, order: 0.7
Sat, 09 Mar 2019 21:47:34 train.py[line:87] INFO  Best val sel = 0.0375, cond = 0.6, group = 0.9, order = 0.7, tot = 0.0375
Sat, 09 Mar 2019 21:47:34 train.py[line:53] INFO Epoch 44 @ 2019-03-09 21:47:34.020177
Sat, 09 Mar 2019 21:47:36 train.py[line:56] INFO Loss = 7.4110729694366455
Sat, 09 Mar 2019 21:47:37 train.py[line:59] INFO Train acc_qm: 0.025
Sat, 09 Mar 2019 21:47:37 train.py[line:61] INFO Train parts acc: sel: 0.025, cond: 0.5, group: 0.85, order: 0.8
Sat, 09 Mar 2019 21:47:37 train.py[line:64] INFO Vak acc_qm: 0.025
Sat, 09 Mar 2019 21:47:37 train.py[line:66] INFO Val parts acc: sel: 0.025, cond: 0.6, group: 0.9, order: 0.7
Sat, 09 Mar 2019 21:47:37 train.py[line:87] INFO  Best val sel = 0.0375, cond = 0.6, group = 0.9, order = 0.7, tot = 0.0375
Sat, 09 Mar 2019 21:47:37 train.py[line:53] INFO Epoch 45 @ 2019-03-09 21:47:37.918380
Sat, 09 Mar 2019 21:47:39 train.py[line:56] INFO Loss = 7.486267685890198
Sat, 09 Mar 2019 21:47:40 train.py[line:59] INFO Train acc_qm: 0.025
Sat, 09 Mar 2019 21:47:40 train.py[line:61] INFO Train parts acc: sel: 0.025, cond: 0.5, group: 0.85, order: 0.8
Sat, 09 Mar 2019 21:47:41 train.py[line:64] INFO Vak acc_qm: 0.025
Sat, 09 Mar 2019 21:47:41 train.py[line:66] INFO Val parts acc: sel: 0.025, cond: 0.6, group: 0.9, order: 0.7
Sat, 09 Mar 2019 21:47:41 train.py[line:87] INFO  Best val sel = 0.0375, cond = 0.6, group = 0.9, order = 0.7, tot = 0.0375
Sat, 09 Mar 2019 21:47:41 train.py[line:53] INFO Epoch 46 @ 2019-03-09 21:47:41.494516
Sat, 09 Mar 2019 21:47:43 train.py[line:56] INFO Loss = 7.402550101280212
Sat, 09 Mar 2019 21:47:44 train.py[line:59] INFO Train acc_qm: 0.025
Sat, 09 Mar 2019 21:47:44 train.py[line:61] INFO Train parts acc: sel: 0.025, cond: 0.525, group: 0.85, order: 0.8
Sat, 09 Mar 2019 21:47:45 train.py[line:64] INFO Vak acc_qm: 0.025
Sat, 09 Mar 2019 21:47:45 train.py[line:66] INFO Val parts acc: sel: 0.025, cond: 0.6, group: 0.9, order: 0.7
Sat, 09 Mar 2019 21:47:45 train.py[line:87] INFO  Best val sel = 0.0375, cond = 0.6, group = 0.9, order = 0.7, tot = 0.0375
Sat, 09 Mar 2019 21:47:45 train.py[line:53] INFO Epoch 47 @ 2019-03-09 21:47:45.291958
Sat, 09 Mar 2019 21:47:47 train.py[line:56] INFO Loss = 7.4159791469573975
Sat, 09 Mar 2019 21:47:48 train.py[line:59] INFO Train acc_qm: 0.025
Sat, 09 Mar 2019 21:47:48 train.py[line:61] INFO Train parts acc: sel: 0.025, cond: 0.475, group: 0.85, order: 0.8
Sat, 09 Mar 2019 21:47:49 train.py[line:64] INFO Vak acc_qm: 0.025
Sat, 09 Mar 2019 21:47:49 train.py[line:66] INFO Val parts acc: sel: 0.025, cond: 0.5875, group: 0.9, order: 0.7
Sat, 09 Mar 2019 21:47:49 train.py[line:87] INFO  Best val sel = 0.0375, cond = 0.6, group = 0.9, order = 0.7, tot = 0.0375
Sat, 09 Mar 2019 21:47:49 train.py[line:53] INFO Epoch 48 @ 2019-03-09 21:47:49.027651
Sat, 09 Mar 2019 21:47:51 train.py[line:56] INFO Loss = 7.383243083953857
Sat, 09 Mar 2019 21:47:52 train.py[line:59] INFO Train acc_qm: 0.025
Sat, 09 Mar 2019 21:47:52 train.py[line:61] INFO Train parts acc: sel: 0.025, cond: 0.5375, group: 0.85, order: 0.8
Sat, 09 Mar 2019 21:47:53 train.py[line:64] INFO Vak acc_qm: 0.025
Sat, 09 Mar 2019 21:47:53 train.py[line:66] INFO Val parts acc: sel: 0.025, cond: 0.6, group: 0.9, order: 0.7
Sat, 09 Mar 2019 21:47:53 train.py[line:87] INFO  Best val sel = 0.0375, cond = 0.6, group = 0.9, order = 0.7, tot = 0.0375
Sat, 09 Mar 2019 21:47:53 train.py[line:53] INFO Epoch 49 @ 2019-03-09 21:47:53.280354
Sat, 09 Mar 2019 21:47:55 train.py[line:56] INFO Loss = 7.354370474815369
Sat, 09 Mar 2019 21:47:56 train.py[line:59] INFO Train acc_qm: 0.025
Sat, 09 Mar 2019 21:47:56 train.py[line:61] INFO Train parts acc: sel: 0.025, cond: 0.525, group: 0.85, order: 0.8
Sat, 09 Mar 2019 21:47:57 train.py[line:64] INFO Vak acc_qm: 0.025
Sat, 09 Mar 2019 21:47:57 train.py[line:66] INFO Val parts acc: sel: 0.025, cond: 0.6, group: 0.9, order: 0.7
Sat, 09 Mar 2019 21:47:57 train.py[line:87] INFO  Best val sel = 0.0375, cond = 0.6, group = 0.9, order = 0.7, tot = 0.0375
Sat, 09 Mar 2019 21:47:57 train.py[line:53] INFO Epoch 50 @ 2019-03-09 21:47:57.229243
Sat, 09 Mar 2019 21:47:59 train.py[line:56] INFO Loss = 7.339179277420044
Sat, 09 Mar 2019 21:48:00 train.py[line:59] INFO Train acc_qm: 0.025
Sat, 09 Mar 2019 21:48:00 train.py[line:61] INFO Train parts acc: sel: 0.025, cond: 0.475, group: 0.85, order: 0.8
Sat, 09 Mar 2019 21:48:01 train.py[line:64] INFO Vak acc_qm: 0.025
Sat, 09 Mar 2019 21:48:01 train.py[line:66] INFO Val parts acc: sel: 0.025, cond: 0.5875, group: 0.9, order: 0.7
Sat, 09 Mar 2019 21:48:01 train.py[line:87] INFO  Best val sel = 0.0375, cond = 0.6, group = 0.9, order = 0.7, tot = 0.0375
Sat, 09 Mar 2019 21:48:01 train.py[line:53] INFO Epoch 51 @ 2019-03-09 21:48:01.103885
Sat, 09 Mar 2019 21:48:03 train.py[line:56] INFO Loss = 7.346325755119324
Sat, 09 Mar 2019 21:48:04 train.py[line:59] INFO Train acc_qm: 0.025
Sat, 09 Mar 2019 21:48:04 train.py[line:61] INFO Train parts acc: sel: 0.025, cond: 0.525, group: 0.85, order: 0.8
Sat, 09 Mar 2019 21:48:04 train.py[line:64] INFO Vak acc_qm: 0.025
Sat, 09 Mar 2019 21:48:04 train.py[line:66] INFO Val parts acc: sel: 0.025, cond: 0.6, group: 0.9, order: 0.7
Sat, 09 Mar 2019 21:48:04 train.py[line:87] INFO  Best val sel = 0.0375, cond = 0.6, group = 0.9, order = 0.7, tot = 0.0375
Sat, 09 Mar 2019 21:48:04 train.py[line:53] INFO Epoch 52 @ 2019-03-09 21:48:04.742873
Sat, 09 Mar 2019 21:48:07 train.py[line:56] INFO Loss = 7.308650374412537
Sat, 09 Mar 2019 21:48:07 train.py[line:59] INFO Train acc_qm: 0.025
Sat, 09 Mar 2019 21:48:07 train.py[line:61] INFO Train parts acc: sel: 0.025, cond: 0.475, group: 0.85, order: 0.8
Sat, 09 Mar 2019 21:48:08 train.py[line:64] INFO Vak acc_qm: 0.025
Sat, 09 Mar 2019 21:48:08 train.py[line:66] INFO Val parts acc: sel: 0.025, cond: 0.5875, group: 0.9, order: 0.7
Sat, 09 Mar 2019 21:48:08 train.py[line:87] INFO  Best val sel = 0.0375, cond = 0.6, group = 0.9, order = 0.7, tot = 0.0375
Sat, 09 Mar 2019 21:48:08 train.py[line:53] INFO Epoch 53 @ 2019-03-09 21:48:08.592768
Sat, 09 Mar 2019 21:48:10 train.py[line:56] INFO Loss = 7.30047333240509
Sat, 09 Mar 2019 21:48:11 train.py[line:59] INFO Train acc_qm: 0.025
Sat, 09 Mar 2019 21:48:11 train.py[line:61] INFO Train parts acc: sel: 0.025, cond: 0.475, group: 0.85, order: 0.8
Sat, 09 Mar 2019 21:48:12 train.py[line:64] INFO Vak acc_qm: 0.025
Sat, 09 Mar 2019 21:48:12 train.py[line:66] INFO Val parts acc: sel: 0.025, cond: 0.5875, group: 0.9, order: 0.7
Sat, 09 Mar 2019 21:48:12 train.py[line:87] INFO  Best val sel = 0.0375, cond = 0.6, group = 0.9, order = 0.7, tot = 0.0375
Sat, 09 Mar 2019 21:48:12 train.py[line:53] INFO Epoch 54 @ 2019-03-09 21:48:12.632643
Sat, 09 Mar 2019 21:48:15 train.py[line:56] INFO Loss = 7.266671776771545
Sat, 09 Mar 2019 21:48:15 train.py[line:59] INFO Train acc_qm: 0.025
Sat, 09 Mar 2019 21:48:15 train.py[line:61] INFO Train parts acc: sel: 0.025, cond: 0.475, group: 0.85, order: 0.8
Sat, 09 Mar 2019 21:48:16 train.py[line:64] INFO Vak acc_qm: 0.025
Sat, 09 Mar 2019 21:48:16 train.py[line:66] INFO Val parts acc: sel: 0.025, cond: 0.5875, group: 0.9, order: 0.7
Sat, 09 Mar 2019 21:48:16 train.py[line:87] INFO  Best val sel = 0.0375, cond = 0.6, group = 0.9, order = 0.7, tot = 0.0375
Sat, 09 Mar 2019 21:48:16 train.py[line:53] INFO Epoch 55 @ 2019-03-09 21:48:16.656917
Sat, 09 Mar 2019 21:48:18 train.py[line:56] INFO Loss = 7.297879457473755
Sat, 09 Mar 2019 21:48:19 train.py[line:59] INFO Train acc_qm: 0.025
Sat, 09 Mar 2019 21:48:19 train.py[line:61] INFO Train parts acc: sel: 0.025, cond: 0.475, group: 0.85, order: 0.8
Sat, 09 Mar 2019 21:48:20 train.py[line:64] INFO Vak acc_qm: 0.025
Sat, 09 Mar 2019 21:48:20 train.py[line:66] INFO Val parts acc: sel: 0.025, cond: 0.5875, group: 0.9, order: 0.7
Sat, 09 Mar 2019 21:48:20 train.py[line:87] INFO  Best val sel = 0.0375, cond = 0.6, group = 0.9, order = 0.7, tot = 0.0375
Sat, 09 Mar 2019 21:48:20 train.py[line:53] INFO Epoch 56 @ 2019-03-09 21:48:20.361654
Sat, 09 Mar 2019 21:48:22 train.py[line:56] INFO Loss = 7.247660994529724
Sat, 09 Mar 2019 21:48:23 train.py[line:59] INFO Train acc_qm: 0.025
Sat, 09 Mar 2019 21:48:23 train.py[line:61] INFO Train parts acc: sel: 0.025, cond: 0.475, group: 0.85, order: 0.8
Sat, 09 Mar 2019 21:48:24 train.py[line:64] INFO Vak acc_qm: 0.025
Sat, 09 Mar 2019 21:48:24 train.py[line:66] INFO Val parts acc: sel: 0.025, cond: 0.5875, group: 0.9, order: 0.7
Sat, 09 Mar 2019 21:48:24 train.py[line:87] INFO  Best val sel = 0.0375, cond = 0.6, group = 0.9, order = 0.7, tot = 0.0375
Sat, 09 Mar 2019 21:48:24 train.py[line:53] INFO Epoch 57 @ 2019-03-09 21:48:24.089552
Sat, 09 Mar 2019 21:48:26 train.py[line:56] INFO Loss = 7.219044923782349
Sat, 09 Mar 2019 21:48:27 train.py[line:59] INFO Train acc_qm: 0.025
Sat, 09 Mar 2019 21:48:27 train.py[line:61] INFO Train parts acc: sel: 0.025, cond: 0.525, group: 0.85, order: 0.8
Sat, 09 Mar 2019 21:48:27 train.py[line:64] INFO Vak acc_qm: 0.025
Sat, 09 Mar 2019 21:48:27 train.py[line:66] INFO Val parts acc: sel: 0.025, cond: 0.6, group: 0.9, order: 0.7
Sat, 09 Mar 2019 21:48:27 train.py[line:87] INFO  Best val sel = 0.0375, cond = 0.6, group = 0.9, order = 0.7, tot = 0.0375
Sat, 09 Mar 2019 21:48:27 train.py[line:53] INFO Epoch 58 @ 2019-03-09 21:48:27.862069
Sat, 09 Mar 2019 21:48:30 train.py[line:56] INFO Loss = 7.255402565002441
Sat, 09 Mar 2019 21:48:30 train.py[line:59] INFO Train acc_qm: 0.025
Sat, 09 Mar 2019 21:48:30 train.py[line:61] INFO Train parts acc: sel: 0.025, cond: 0.525, group: 0.85, order: 0.8
Sat, 09 Mar 2019 21:48:31 train.py[line:64] INFO Vak acc_qm: 0.025
Sat, 09 Mar 2019 21:48:31 train.py[line:66] INFO Val parts acc: sel: 0.025, cond: 0.6, group: 0.9, order: 0.7
Sat, 09 Mar 2019 21:48:31 train.py[line:87] INFO  Best val sel = 0.0375, cond = 0.6, group = 0.9, order = 0.7, tot = 0.0375
Sat, 09 Mar 2019 21:48:31 train.py[line:53] INFO Epoch 59 @ 2019-03-09 21:48:31.556180
Sat, 09 Mar 2019 21:48:33 train.py[line:56] INFO Loss = 7.206449031829834
Sat, 09 Mar 2019 21:48:34 train.py[line:59] INFO Train acc_qm: 0.0375
Sat, 09 Mar 2019 21:48:34 train.py[line:61] INFO Train parts acc: sel: 0.0375, cond: 0.475, group: 0.85, order: 0.8
Sat, 09 Mar 2019 21:48:35 train.py[line:64] INFO Vak acc_qm: 0.0375
Sat, 09 Mar 2019 21:48:35 train.py[line:66] INFO Val parts acc: sel: 0.0375, cond: 0.5875, group: 0.9, order: 0.7
Sat, 09 Mar 2019 21:48:35 train.py[line:87] INFO  Best val sel = 0.0375, cond = 0.6, group = 0.9, order = 0.7, tot = 0.0375
Sat, 09 Mar 2019 21:48:35 train.py[line:53] INFO Epoch 60 @ 2019-03-09 21:48:35.166170
Sat, 09 Mar 2019 21:48:37 train.py[line:56] INFO Loss = 7.202510356903076
Sat, 09 Mar 2019 21:48:38 train.py[line:59] INFO Train acc_qm: 0.025
Sat, 09 Mar 2019 21:48:38 train.py[line:61] INFO Train parts acc: sel: 0.025, cond: 0.4875, group: 0.85, order: 0.8
Sat, 09 Mar 2019 21:48:38 train.py[line:64] INFO Vak acc_qm: 0.025
Sat, 09 Mar 2019 21:48:38 train.py[line:66] INFO Val parts acc: sel: 0.025, cond: 0.6, group: 0.9, order: 0.7
Sat, 09 Mar 2019 21:48:38 train.py[line:87] INFO  Best val sel = 0.0375, cond = 0.6, group = 0.9, order = 0.7, tot = 0.0375
Sat, 09 Mar 2019 21:48:38 train.py[line:53] INFO Epoch 61 @ 2019-03-09 21:48:38.858628
Sat, 09 Mar 2019 21:48:40 train.py[line:56] INFO Loss = 7.139535903930664
Sat, 09 Mar 2019 21:48:41 train.py[line:59] INFO Train acc_qm: 0.025
Sat, 09 Mar 2019 21:48:41 train.py[line:61] INFO Train parts acc: sel: 0.025, cond: 0.4875, group: 0.85, order: 0.8
Sat, 09 Mar 2019 21:48:42 train.py[line:64] INFO Vak acc_qm: 0.025
Sat, 09 Mar 2019 21:48:42 train.py[line:66] INFO Val parts acc: sel: 0.025, cond: 0.6, group: 0.9, order: 0.7
Sat, 09 Mar 2019 21:48:42 train.py[line:87] INFO  Best val sel = 0.0375, cond = 0.6, group = 0.9, order = 0.7, tot = 0.0375
Sat, 09 Mar 2019 21:48:42 train.py[line:53] INFO Epoch 62 @ 2019-03-09 21:48:42.693887
Sat, 09 Mar 2019 21:48:45 train.py[line:56] INFO Loss = 7.170114517211914
Sat, 09 Mar 2019 21:48:45 train.py[line:59] INFO Train acc_qm: 0.025
Sat, 09 Mar 2019 21:48:45 train.py[line:61] INFO Train parts acc: sel: 0.025, cond: 0.4875, group: 0.85, order: 0.8
Sat, 09 Mar 2019 21:48:46 train.py[line:64] INFO Vak acc_qm: 0.025
Sat, 09 Mar 2019 21:48:46 train.py[line:66] INFO Val parts acc: sel: 0.025, cond: 0.6, group: 0.9, order: 0.7
Sat, 09 Mar 2019 21:48:46 train.py[line:87] INFO  Best val sel = 0.0375, cond = 0.6, group = 0.9, order = 0.7, tot = 0.0375
Sat, 09 Mar 2019 21:48:46 train.py[line:53] INFO Epoch 63 @ 2019-03-09 21:48:46.722592
Sat, 09 Mar 2019 21:48:48 train.py[line:56] INFO Loss = 7.1185020208358765
Sat, 09 Mar 2019 21:48:49 train.py[line:59] INFO Train acc_qm: 0.025
Sat, 09 Mar 2019 21:48:49 train.py[line:61] INFO Train parts acc: sel: 0.025, cond: 0.4875, group: 0.85, order: 0.8
Sat, 09 Mar 2019 21:48:50 train.py[line:64] INFO Vak acc_qm: 0.025
Sat, 09 Mar 2019 21:48:50 train.py[line:66] INFO Val parts acc: sel: 0.025, cond: 0.6, group: 0.9, order: 0.7
Sat, 09 Mar 2019 21:48:50 train.py[line:87] INFO  Best val sel = 0.0375, cond = 0.6, group = 0.9, order = 0.7, tot = 0.0375
Sat, 09 Mar 2019 21:48:50 train.py[line:53] INFO Epoch 64 @ 2019-03-09 21:48:50.448711
Sat, 09 Mar 2019 21:48:52 train.py[line:56] INFO Loss = 7.121160507202148
Sat, 09 Mar 2019 21:48:53 train.py[line:59] INFO Train acc_qm: 0.025
Sat, 09 Mar 2019 21:48:53 train.py[line:61] INFO Train parts acc: sel: 0.025, cond: 0.475, group: 0.85, order: 0.8
Sat, 09 Mar 2019 21:48:54 train.py[line:64] INFO Vak acc_qm: 0.025
Sat, 09 Mar 2019 21:48:54 train.py[line:66] INFO Val parts acc: sel: 0.025, cond: 0.5875, group: 0.9, order: 0.7
Sat, 09 Mar 2019 21:48:54 train.py[line:87] INFO  Best val sel = 0.0375, cond = 0.6, group = 0.9, order = 0.7, tot = 0.0375
Sat, 09 Mar 2019 21:48:54 train.py[line:53] INFO Epoch 65 @ 2019-03-09 21:48:54.405497
Sat, 09 Mar 2019 21:48:56 train.py[line:56] INFO Loss = 7.095697045326233
Sat, 09 Mar 2019 21:48:57 train.py[line:59] INFO Train acc_qm: 0.0125
Sat, 09 Mar 2019 21:48:57 train.py[line:61] INFO Train parts acc: sel: 0.0125, cond: 0.4875, group: 0.85, order: 0.8
Sat, 09 Mar 2019 21:48:58 train.py[line:64] INFO Vak acc_qm: 0.0375
Sat, 09 Mar 2019 21:48:58 train.py[line:66] INFO Val parts acc: sel: 0.0375, cond: 0.6, group: 0.9, order: 0.7
Sat, 09 Mar 2019 21:48:58 train.py[line:87] INFO  Best val sel = 0.0375, cond = 0.6, group = 0.9, order = 0.7, tot = 0.0375
Sat, 09 Mar 2019 21:48:58 train.py[line:53] INFO Epoch 66 @ 2019-03-09 21:48:58.593126
Sat, 09 Mar 2019 21:49:00 train.py[line:56] INFO Loss = 7.07682740688324
Sat, 09 Mar 2019 21:49:01 train.py[line:59] INFO Train acc_qm: 0.025
Sat, 09 Mar 2019 21:49:01 train.py[line:61] INFO Train parts acc: sel: 0.025, cond: 0.475, group: 0.85, order: 0.8
Sat, 09 Mar 2019 21:49:02 train.py[line:64] INFO Vak acc_qm: 0.025
Sat, 09 Mar 2019 21:49:02 train.py[line:66] INFO Val parts acc: sel: 0.025, cond: 0.6, group: 0.9, order: 0.7
Sat, 09 Mar 2019 21:49:02 train.py[line:87] INFO  Best val sel = 0.0375, cond = 0.6, group = 0.9, order = 0.7, tot = 0.0375
Sat, 09 Mar 2019 21:49:02 train.py[line:53] INFO Epoch 67 @ 2019-03-09 21:49:02.376233
Sat, 09 Mar 2019 21:49:04 train.py[line:56] INFO Loss = 7.040265798568726
Sat, 09 Mar 2019 21:49:05 train.py[line:59] INFO Train acc_qm: 0.025
Sat, 09 Mar 2019 21:49:05 train.py[line:61] INFO Train parts acc: sel: 0.025, cond: 0.5, group: 0.85, order: 0.8
Sat, 09 Mar 2019 21:49:06 train.py[line:64] INFO Vak acc_qm: 0.025
Sat, 09 Mar 2019 21:49:06 train.py[line:66] INFO Val parts acc: sel: 0.025, cond: 0.6, group: 0.9, order: 0.7
Sat, 09 Mar 2019 21:49:06 train.py[line:87] INFO  Best val sel = 0.0375, cond = 0.6, group = 0.9, order = 0.7, tot = 0.0375
Sat, 09 Mar 2019 21:49:06 train.py[line:53] INFO Epoch 68 @ 2019-03-09 21:49:06.559604
Sat, 09 Mar 2019 21:49:08 train.py[line:56] INFO Loss = 7.12935197353363
Sat, 09 Mar 2019 21:49:09 train.py[line:59] INFO Train acc_qm: 0.0125
Sat, 09 Mar 2019 21:49:09 train.py[line:61] INFO Train parts acc: sel: 0.0125, cond: 0.525, group: 0.85, order: 0.8
Sat, 09 Mar 2019 21:49:10 train.py[line:64] INFO Vak acc_qm: 0.0375
Sat, 09 Mar 2019 21:49:10 train.py[line:66] INFO Val parts acc: sel: 0.0375, cond: 0.6, group: 0.9, order: 0.7
Sat, 09 Mar 2019 21:49:10 train.py[line:87] INFO  Best val sel = 0.0375, cond = 0.6, group = 0.9, order = 0.7, tot = 0.0375
Sat, 09 Mar 2019 21:49:10 train.py[line:53] INFO Epoch 69 @ 2019-03-09 21:49:10.655586
Sat, 09 Mar 2019 21:49:12 train.py[line:56] INFO Loss = 7.070798754692078
Sat, 09 Mar 2019 21:49:13 train.py[line:59] INFO Train acc_qm: 0.025
Sat, 09 Mar 2019 21:49:13 train.py[line:61] INFO Train parts acc: sel: 0.025, cond: 0.4875, group: 0.85, order: 0.8
Sat, 09 Mar 2019 21:49:14 train.py[line:64] INFO Vak acc_qm: 0.025
Sat, 09 Mar 2019 21:49:14 train.py[line:66] INFO Val parts acc: sel: 0.025, cond: 0.6, group: 0.9, order: 0.7
Sat, 09 Mar 2019 21:49:14 train.py[line:87] INFO  Best val sel = 0.0375, cond = 0.6, group = 0.9, order = 0.7, tot = 0.0375
Sat, 09 Mar 2019 21:49:14 train.py[line:53] INFO Epoch 70 @ 2019-03-09 21:49:14.506266
Sat, 09 Mar 2019 21:49:16 train.py[line:56] INFO Loss = 7.069043755531311
Sat, 09 Mar 2019 21:49:17 train.py[line:59] INFO Train acc_qm: 0.0125
Sat, 09 Mar 2019 21:49:17 train.py[line:61] INFO Train parts acc: sel: 0.0125, cond: 0.475, group: 0.85, order: 0.8
Sat, 09 Mar 2019 21:49:18 train.py[line:64] INFO Vak acc_qm: 0.0375
Sat, 09 Mar 2019 21:49:18 train.py[line:66] INFO Val parts acc: sel: 0.0375, cond: 0.5875, group: 0.9, order: 0.7
Sat, 09 Mar 2019 21:49:18 train.py[line:87] INFO  Best val sel = 0.0375, cond = 0.6, group = 0.9, order = 0.7, tot = 0.0375
Sat, 09 Mar 2019 21:49:18 train.py[line:53] INFO Epoch 71 @ 2019-03-09 21:49:18.197701
Sat, 09 Mar 2019 21:49:20 train.py[line:56] INFO Loss = 7.05141007900238
Sat, 09 Mar 2019 21:49:21 train.py[line:59] INFO Train acc_qm: 0.025
Sat, 09 Mar 2019 21:49:21 train.py[line:61] INFO Train parts acc: sel: 0.025, cond: 0.475, group: 0.85, order: 0.8
Sat, 09 Mar 2019 21:49:22 train.py[line:64] INFO Vak acc_qm: 0.025
Sat, 09 Mar 2019 21:49:22 train.py[line:66] INFO Val parts acc: sel: 0.025, cond: 0.5875, group: 0.9, order: 0.7
Sat, 09 Mar 2019 21:49:22 train.py[line:87] INFO  Best val sel = 0.0375, cond = 0.6, group = 0.9, order = 0.7, tot = 0.0375
Sat, 09 Mar 2019 21:49:22 train.py[line:53] INFO Epoch 72 @ 2019-03-09 21:49:22.023022
Sat, 09 Mar 2019 21:49:24 train.py[line:56] INFO Loss = 7.021513223648071
Sat, 09 Mar 2019 21:49:25 train.py[line:59] INFO Train acc_qm: 0.0375
Sat, 09 Mar 2019 21:49:25 train.py[line:61] INFO Train parts acc: sel: 0.0375, cond: 0.475, group: 0.85, order: 0.8
Sat, 09 Mar 2019 21:49:26 train.py[line:64] INFO Vak acc_qm: 0.0375
Sat, 09 Mar 2019 21:49:26 train.py[line:66] INFO Val parts acc: sel: 0.0375, cond: 0.5875, group: 0.9, order: 0.7
Sat, 09 Mar 2019 21:49:26 train.py[line:87] INFO  Best val sel = 0.0375, cond = 0.6, group = 0.9, order = 0.7, tot = 0.0375
Sat, 09 Mar 2019 21:49:26 train.py[line:53] INFO Epoch 73 @ 2019-03-09 21:49:26.045784
Sat, 09 Mar 2019 21:49:28 train.py[line:56] INFO Loss = 6.987480640411377
Sat, 09 Mar 2019 21:49:29 train.py[line:59] INFO Train acc_qm: 0.0
Sat, 09 Mar 2019 21:49:29 train.py[line:61] INFO Train parts acc: sel: 0.0, cond: 0.4875, group: 0.85, order: 0.8
Sat, 09 Mar 2019 21:49:29 train.py[line:64] INFO Vak acc_qm: 0.025
Sat, 09 Mar 2019 21:49:29 train.py[line:66] INFO Val parts acc: sel: 0.025, cond: 0.6, group: 0.9, order: 0.7
Sat, 09 Mar 2019 21:49:29 train.py[line:87] INFO  Best val sel = 0.0375, cond = 0.6, group = 0.9, order = 0.7, tot = 0.0375
Sat, 09 Mar 2019 21:49:29 train.py[line:53] INFO Epoch 74 @ 2019-03-09 21:49:29.929252
Sat, 09 Mar 2019 21:49:32 train.py[line:56] INFO Loss = 7.035738706588745
Sat, 09 Mar 2019 21:49:32 train.py[line:59] INFO Train acc_qm: 0.025
Sat, 09 Mar 2019 21:49:32 train.py[line:61] INFO Train parts acc: sel: 0.025, cond: 0.475, group: 0.85, order: 0.8
Sat, 09 Mar 2019 21:49:33 train.py[line:64] INFO Vak acc_qm: 0.025
Sat, 09 Mar 2019 21:49:33 train.py[line:66] INFO Val parts acc: sel: 0.025, cond: 0.5875, group: 0.9, order: 0.7
Sat, 09 Mar 2019 21:49:33 train.py[line:87] INFO  Best val sel = 0.0375, cond = 0.6, group = 0.9, order = 0.7, tot = 0.0375
Sat, 09 Mar 2019 21:49:33 train.py[line:53] INFO Epoch 75 @ 2019-03-09 21:49:33.663964
Sat, 09 Mar 2019 21:49:35 train.py[line:56] INFO Loss = 6.979205369949341
Sat, 09 Mar 2019 21:49:36 train.py[line:59] INFO Train acc_qm: 0.0125
Sat, 09 Mar 2019 21:49:36 train.py[line:61] INFO Train parts acc: sel: 0.0125, cond: 0.4875, group: 0.85, order: 0.8
Sat, 09 Mar 2019 21:49:37 train.py[line:64] INFO Vak acc_qm: 0.0375
Sat, 09 Mar 2019 21:49:37 train.py[line:66] INFO Val parts acc: sel: 0.0375, cond: 0.6, group: 0.9, order: 0.7
Sat, 09 Mar 2019 21:49:37 train.py[line:87] INFO  Best val sel = 0.0375, cond = 0.6, group = 0.9, order = 0.7, tot = 0.0375
Sat, 09 Mar 2019 21:49:37 train.py[line:53] INFO Epoch 76 @ 2019-03-09 21:49:37.527137
Sat, 09 Mar 2019 21:49:39 train.py[line:56] INFO Loss = 6.984905242919922
Sat, 09 Mar 2019 21:49:40 train.py[line:59] INFO Train acc_qm: 0.0125
Sat, 09 Mar 2019 21:49:40 train.py[line:61] INFO Train parts acc: sel: 0.0125, cond: 0.475, group: 0.85, order: 0.8
Sat, 09 Mar 2019 21:49:41 train.py[line:64] INFO Vak acc_qm: 0.0375
Sat, 09 Mar 2019 21:49:41 train.py[line:66] INFO Val parts acc: sel: 0.0375, cond: 0.5875, group: 0.9, order: 0.7
Sat, 09 Mar 2019 21:49:41 train.py[line:87] INFO  Best val sel = 0.0375, cond = 0.6, group = 0.9, order = 0.7, tot = 0.0375
Sat, 09 Mar 2019 21:49:41 train.py[line:53] INFO Epoch 77 @ 2019-03-09 21:49:41.538920
Sat, 09 Mar 2019 21:49:43 train.py[line:56] INFO Loss = 6.997800350189209
Sat, 09 Mar 2019 21:49:44 train.py[line:59] INFO Train acc_qm: 0.025
Sat, 09 Mar 2019 21:49:44 train.py[line:61] INFO Train parts acc: sel: 0.025, cond: 0.475, group: 0.85, order: 0.8
Sat, 09 Mar 2019 21:49:45 train.py[line:64] INFO Vak acc_qm: 0.025
Sat, 09 Mar 2019 21:49:45 train.py[line:66] INFO Val parts acc: sel: 0.025, cond: 0.6, group: 0.9, order: 0.7
Sat, 09 Mar 2019 21:49:45 train.py[line:87] INFO  Best val sel = 0.0375, cond = 0.6, group = 0.9, order = 0.7, tot = 0.0375
Sat, 09 Mar 2019 21:49:45 train.py[line:53] INFO Epoch 78 @ 2019-03-09 21:49:45.437215
Sat, 09 Mar 2019 21:49:47 train.py[line:56] INFO Loss = 6.953346252441406
Sat, 09 Mar 2019 21:49:48 train.py[line:59] INFO Train acc_qm: 0.025
Sat, 09 Mar 2019 21:49:48 train.py[line:61] INFO Train parts acc: sel: 0.025, cond: 0.475, group: 0.85, order: 0.8
Sat, 09 Mar 2019 21:49:49 train.py[line:64] INFO Vak acc_qm: 0.0375
Sat, 09 Mar 2019 21:49:49 train.py[line:66] INFO Val parts acc: sel: 0.0375, cond: 0.6, group: 0.9, order: 0.7
Sat, 09 Mar 2019 21:49:49 train.py[line:87] INFO  Best val sel = 0.0375, cond = 0.6, group = 0.9, order = 0.7, tot = 0.0375
Sat, 09 Mar 2019 21:49:49 train.py[line:53] INFO Epoch 79 @ 2019-03-09 21:49:49.334678
Sat, 09 Mar 2019 21:49:51 train.py[line:56] INFO Loss = 6.954160928726196
Sat, 09 Mar 2019 21:49:52 train.py[line:59] INFO Train acc_qm: 0.025
Sat, 09 Mar 2019 21:49:52 train.py[line:61] INFO Train parts acc: sel: 0.025, cond: 0.475, group: 0.85, order: 0.8
Sat, 09 Mar 2019 21:49:53 train.py[line:64] INFO Vak acc_qm: 0.025
Sat, 09 Mar 2019 21:49:53 train.py[line:66] INFO Val parts acc: sel: 0.025, cond: 0.5875, group: 0.9, order: 0.7
Sat, 09 Mar 2019 21:49:53 train.py[line:87] INFO  Best val sel = 0.0375, cond = 0.6, group = 0.9, order = 0.7, tot = 0.0375
Sat, 09 Mar 2019 21:49:53 train.py[line:53] INFO Epoch 80 @ 2019-03-09 21:49:53.157694
Sat, 09 Mar 2019 21:49:55 train.py[line:56] INFO Loss = 6.961947679519653
Sat, 09 Mar 2019 21:49:56 train.py[line:59] INFO Train acc_qm: 0.0375
Sat, 09 Mar 2019 21:49:56 train.py[line:61] INFO Train parts acc: sel: 0.0375, cond: 0.4875, group: 0.85, order: 0.8
Sat, 09 Mar 2019 21:49:56 train.py[line:64] INFO Vak acc_qm: 0.0375
Sat, 09 Mar 2019 21:49:56 train.py[line:66] INFO Val parts acc: sel: 0.0375, cond: 0.6, group: 0.9, order: 0.7
Sat, 09 Mar 2019 21:49:56 train.py[line:87] INFO  Best val sel = 0.0375, cond = 0.6, group = 0.9, order = 0.7, tot = 0.0375
Sat, 09 Mar 2019 21:49:56 train.py[line:53] INFO Epoch 81 @ 2019-03-09 21:49:56.887511
Sat, 09 Mar 2019 21:49:58 train.py[line:56] INFO Loss = 6.9259278774261475
Sat, 09 Mar 2019 21:49:59 train.py[line:59] INFO Train acc_qm: 0.0375
Sat, 09 Mar 2019 21:49:59 train.py[line:61] INFO Train parts acc: sel: 0.0375, cond: 0.4875, group: 0.85, order: 0.8
Sat, 09 Mar 2019 21:50:00 train.py[line:64] INFO Vak acc_qm: 0.0375
Sat, 09 Mar 2019 21:50:00 train.py[line:66] INFO Val parts acc: sel: 0.0375, cond: 0.5875, group: 0.9, order: 0.7
Sat, 09 Mar 2019 21:50:00 train.py[line:87] INFO  Best val sel = 0.0375, cond = 0.6, group = 0.9, order = 0.7, tot = 0.0375
Sat, 09 Mar 2019 21:50:00 train.py[line:53] INFO Epoch 82 @ 2019-03-09 21:50:00.557496
Sat, 09 Mar 2019 21:50:02 train.py[line:56] INFO Loss = 6.884863018989563
Sat, 09 Mar 2019 21:50:03 train.py[line:59] INFO Train acc_qm: 0.0
Sat, 09 Mar 2019 21:50:03 train.py[line:61] INFO Train parts acc: sel: 0.0, cond: 0.475, group: 0.85, order: 0.8
Sat, 09 Mar 2019 21:50:04 train.py[line:64] INFO Vak acc_qm: 0.025
Sat, 09 Mar 2019 21:50:04 train.py[line:66] INFO Val parts acc: sel: 0.025, cond: 0.5875, group: 0.9, order: 0.7
Sat, 09 Mar 2019 21:50:04 train.py[line:87] INFO  Best val sel = 0.0375, cond = 0.6, group = 0.9, order = 0.7, tot = 0.0375
Sat, 09 Mar 2019 21:50:04 train.py[line:53] INFO Epoch 83 @ 2019-03-09 21:50:04.307735
Sat, 09 Mar 2019 21:50:06 train.py[line:56] INFO Loss = 6.935720086097717
Sat, 09 Mar 2019 21:50:07 train.py[line:59] INFO Train acc_qm: 0.025
Sat, 09 Mar 2019 21:50:07 train.py[line:61] INFO Train parts acc: sel: 0.025, cond: 0.5, group: 0.85, order: 0.8
Sat, 09 Mar 2019 21:50:08 train.py[line:64] INFO Vak acc_qm: 0.025
Sat, 09 Mar 2019 21:50:08 train.py[line:66] INFO Val parts acc: sel: 0.025, cond: 0.6, group: 0.9, order: 0.7
Sat, 09 Mar 2019 21:50:08 train.py[line:87] INFO  Best val sel = 0.0375, cond = 0.6, group = 0.9, order = 0.7, tot = 0.0375
Sat, 09 Mar 2019 21:50:08 train.py[line:53] INFO Epoch 84 @ 2019-03-09 21:50:08.086201
Sat, 09 Mar 2019 21:50:10 train.py[line:56] INFO Loss = 6.8948588371276855
Sat, 09 Mar 2019 21:50:11 train.py[line:59] INFO Train acc_qm: 0.0375
Sat, 09 Mar 2019 21:50:11 train.py[line:61] INFO Train parts acc: sel: 0.0375, cond: 0.475, group: 0.85, order: 0.8
Sat, 09 Mar 2019 21:50:12 train.py[line:64] INFO Vak acc_qm: 0.0375
Sat, 09 Mar 2019 21:50:12 train.py[line:66] INFO Val parts acc: sel: 0.0375, cond: 0.5875, group: 0.9, order: 0.7
Sat, 09 Mar 2019 21:50:12 train.py[line:87] INFO  Best val sel = 0.0375, cond = 0.6, group = 0.9, order = 0.7, tot = 0.0375
Sat, 09 Mar 2019 21:50:12 train.py[line:53] INFO Epoch 85 @ 2019-03-09 21:50:12.344357
Sat, 09 Mar 2019 21:50:15 train.py[line:56] INFO Loss = 6.8955605030059814
Sat, 09 Mar 2019 21:50:16 train.py[line:59] INFO Train acc_qm: 0.025
Sat, 09 Mar 2019 21:50:16 train.py[line:61] INFO Train parts acc: sel: 0.025, cond: 0.475, group: 0.85, order: 0.8
Sat, 09 Mar 2019 21:50:16 train.py[line:64] INFO Vak acc_qm: 0.025
Sat, 09 Mar 2019 21:50:16 train.py[line:66] INFO Val parts acc: sel: 0.025, cond: 0.5875, group: 0.9, order: 0.7
Sat, 09 Mar 2019 21:50:16 train.py[line:87] INFO  Best val sel = 0.0375, cond = 0.6, group = 0.9, order = 0.7, tot = 0.0375
Sat, 09 Mar 2019 21:50:16 train.py[line:53] INFO Epoch 86 @ 2019-03-09 21:50:16.910067
Sat, 09 Mar 2019 21:50:19 train.py[line:56] INFO Loss = 6.8776222467422485
Sat, 09 Mar 2019 21:50:20 train.py[line:59] INFO Train acc_qm: 0.025
Sat, 09 Mar 2019 21:50:20 train.py[line:61] INFO Train parts acc: sel: 0.025, cond: 0.5, group: 0.85, order: 0.8
Sat, 09 Mar 2019 21:50:20 train.py[line:64] INFO Vak acc_qm: 0.025
Sat, 09 Mar 2019 21:50:20 train.py[line:66] INFO Val parts acc: sel: 0.025, cond: 0.6, group: 0.9, order: 0.7
Sat, 09 Mar 2019 21:50:20 train.py[line:87] INFO  Best val sel = 0.0375, cond = 0.6, group = 0.9, order = 0.7, tot = 0.0375
Sat, 09 Mar 2019 21:50:20 train.py[line:53] INFO Epoch 87 @ 2019-03-09 21:50:20.977435
Sat, 09 Mar 2019 21:50:23 train.py[line:56] INFO Loss = 6.860423684120178
Sat, 09 Mar 2019 21:50:24 train.py[line:59] INFO Train acc_qm: 0.025
Sat, 09 Mar 2019 21:50:24 train.py[line:61] INFO Train parts acc: sel: 0.025, cond: 0.475, group: 0.85, order: 0.8
Sat, 09 Mar 2019 21:50:24 train.py[line:64] INFO Vak acc_qm: 0.0375
Sat, 09 Mar 2019 21:50:24 train.py[line:66] INFO Val parts acc: sel: 0.0375, cond: 0.5875, group: 0.9, order: 0.7
Sat, 09 Mar 2019 21:50:24 train.py[line:87] INFO  Best val sel = 0.0375, cond = 0.6, group = 0.9, order = 0.7, tot = 0.0375
Sat, 09 Mar 2019 21:50:24 train.py[line:53] INFO Epoch 88 @ 2019-03-09 21:50:24.811220
Sat, 09 Mar 2019 21:50:27 train.py[line:56] INFO Loss = 6.914419054985046
Sat, 09 Mar 2019 21:50:28 train.py[line:59] INFO Train acc_qm: 0.0375
Sat, 09 Mar 2019 21:50:28 train.py[line:61] INFO Train parts acc: sel: 0.0375, cond: 0.5125, group: 0.85, order: 0.6875
Sat, 09 Mar 2019 21:50:28 train.py[line:64] INFO Vak acc_qm: 0.0375
Sat, 09 Mar 2019 21:50:28 train.py[line:66] INFO Val parts acc: sel: 0.0375, cond: 0.6, group: 0.9, order: 0.7
Sat, 09 Mar 2019 21:50:28 train.py[line:87] INFO  Best val sel = 0.0375, cond = 0.6, group = 0.9, order = 0.7, tot = 0.0375
Sat, 09 Mar 2019 21:50:28 train.py[line:53] INFO Epoch 89 @ 2019-03-09 21:50:28.904229
Sat, 09 Mar 2019 21:50:31 train.py[line:56] INFO Loss = 6.8319913148880005
Sat, 09 Mar 2019 21:50:32 train.py[line:59] INFO Train acc_qm: 0.025
Sat, 09 Mar 2019 21:50:32 train.py[line:61] INFO Train parts acc: sel: 0.025, cond: 0.475, group: 0.85, order: 0.8
Sat, 09 Mar 2019 21:50:32 train.py[line:64] INFO Vak acc_qm: 0.025
Sat, 09 Mar 2019 21:50:32 train.py[line:66] INFO Val parts acc: sel: 0.025, cond: 0.5875, group: 0.9, order: 0.7
Sat, 09 Mar 2019 21:50:32 train.py[line:87] INFO  Best val sel = 0.0375, cond = 0.6, group = 0.9, order = 0.7, tot = 0.0375
Sat, 09 Mar 2019 21:50:32 train.py[line:53] INFO Epoch 90 @ 2019-03-09 21:50:32.732071
Sat, 09 Mar 2019 21:50:34 train.py[line:56] INFO Loss = 6.822245836257935
Sat, 09 Mar 2019 21:50:35 train.py[line:59] INFO Train acc_qm: 0.025
Sat, 09 Mar 2019 21:50:35 train.py[line:61] INFO Train parts acc: sel: 0.025, cond: 0.4875, group: 0.85, order: 0.775
Sat, 09 Mar 2019 21:50:36 train.py[line:64] INFO Vak acc_qm: 0.025
Sat, 09 Mar 2019 21:50:36 train.py[line:66] INFO Val parts acc: sel: 0.025, cond: 0.5875, group: 0.9, order: 0.7
Sat, 09 Mar 2019 21:50:36 train.py[line:87] INFO  Best val sel = 0.0375, cond = 0.6, group = 0.9, order = 0.7, tot = 0.0375
Sat, 09 Mar 2019 21:50:36 train.py[line:53] INFO Epoch 91 @ 2019-03-09 21:50:36.786697
Sat, 09 Mar 2019 21:50:39 train.py[line:56] INFO Loss = 6.924537420272827
Sat, 09 Mar 2019 21:50:40 train.py[line:59] INFO Train acc_qm: 0.0375
Sat, 09 Mar 2019 21:50:40 train.py[line:61] INFO Train parts acc: sel: 0.0375, cond: 0.4875, group: 0.85, order: 0.75
Sat, 09 Mar 2019 21:50:40 train.py[line:64] INFO Vak acc_qm: 0.0375
Sat, 09 Mar 2019 21:50:40 train.py[line:66] INFO Val parts acc: sel: 0.0375, cond: 0.5875, group: 0.9, order: 0.7
Sat, 09 Mar 2019 21:50:40 train.py[line:87] INFO  Best val sel = 0.0375, cond = 0.6, group = 0.9, order = 0.7, tot = 0.0375
Sat, 09 Mar 2019 21:50:40 train.py[line:53] INFO Epoch 92 @ 2019-03-09 21:50:40.958121
Sat, 09 Mar 2019 21:50:43 train.py[line:56] INFO Loss = 6.827606558799744
Sat, 09 Mar 2019 21:50:44 train.py[line:59] INFO Train acc_qm: 0.0
Sat, 09 Mar 2019 21:50:44 train.py[line:61] INFO Train parts acc: sel: 0.0, cond: 0.4875, group: 0.85, order: 0.7125
Sat, 09 Mar 2019 21:50:44 train.py[line:64] INFO Vak acc_qm: 0.0125
Sat, 09 Mar 2019 21:50:44 train.py[line:66] INFO Val parts acc: sel: 0.025, cond: 0.5875, group: 0.9, order: 0.5
Sat, 09 Mar 2019 21:50:44 train.py[line:87] INFO  Best val sel = 0.0375, cond = 0.6, group = 0.9, order = 0.7, tot = 0.0375
Sat, 09 Mar 2019 21:50:44 train.py[line:53] INFO Epoch 93 @ 2019-03-09 21:50:44.814475
Sat, 09 Mar 2019 21:50:47 train.py[line:56] INFO Loss = 6.894140720367432
Sat, 09 Mar 2019 21:50:48 train.py[line:59] INFO Train acc_qm: 0.025
Sat, 09 Mar 2019 21:50:48 train.py[line:61] INFO Train parts acc: sel: 0.0375, cond: 0.475, group: 0.85, order: 0.625
Sat, 09 Mar 2019 21:50:48 train.py[line:64] INFO Vak acc_qm: 0.025
Sat, 09 Mar 2019 21:50:48 train.py[line:66] INFO Val parts acc: sel: 0.0375, cond: 0.5875, group: 0.9, order: 0.525
Sat, 09 Mar 2019 21:50:48 train.py[line:87] INFO  Best val sel = 0.0375, cond = 0.6, group = 0.9, order = 0.7, tot = 0.0375
Sat, 09 Mar 2019 21:50:48 train.py[line:53] INFO Epoch 94 @ 2019-03-09 21:50:48.831214
Sat, 09 Mar 2019 21:50:51 train.py[line:56] INFO Loss = 6.794776439666748
Sat, 09 Mar 2019 21:50:52 train.py[line:59] INFO Train acc_qm: 0.0
Sat, 09 Mar 2019 21:50:52 train.py[line:61] INFO Train parts acc: sel: 0.0, cond: 0.475, group: 0.85, order: 0.8
Sat, 09 Mar 2019 21:50:52 train.py[line:64] INFO Vak acc_qm: 0.025
Sat, 09 Mar 2019 21:50:52 train.py[line:66] INFO Val parts acc: sel: 0.025, cond: 0.5875, group: 0.9, order: 0.7
Sat, 09 Mar 2019 21:50:52 train.py[line:87] INFO  Best val sel = 0.0375, cond = 0.6, group = 0.9, order = 0.7, tot = 0.0375
Sat, 09 Mar 2019 21:50:52 train.py[line:53] INFO Epoch 95 @ 2019-03-09 21:50:52.705475
Sat, 09 Mar 2019 21:50:54 train.py[line:56] INFO Loss = 6.792972922325134
Sat, 09 Mar 2019 21:50:55 train.py[line:59] INFO Train acc_qm: 0.025
Sat, 09 Mar 2019 21:50:55 train.py[line:61] INFO Train parts acc: sel: 0.025, cond: 0.5, group: 0.85, order: 0.8
Sat, 09 Mar 2019 21:50:56 train.py[line:64] INFO Vak acc_qm: 0.025
Sat, 09 Mar 2019 21:50:56 train.py[line:66] INFO Val parts acc: sel: 0.025, cond: 0.6, group: 0.9, order: 0.7
Sat, 09 Mar 2019 21:50:56 train.py[line:87] INFO  Best val sel = 0.0375, cond = 0.6, group = 0.9, order = 0.7, tot = 0.0375
Sat, 09 Mar 2019 21:50:56 train.py[line:53] INFO Epoch 96 @ 2019-03-09 21:50:56.804315
Sat, 09 Mar 2019 21:50:59 train.py[line:56] INFO Loss = 6.735990881919861
Sat, 09 Mar 2019 21:51:00 train.py[line:59] INFO Train acc_qm: 0.025
Sat, 09 Mar 2019 21:51:00 train.py[line:61] INFO Train parts acc: sel: 0.025, cond: 0.475, group: 0.85, order: 0.7625
Sat, 09 Mar 2019 21:51:01 train.py[line:64] INFO Vak acc_qm: 0.025
Sat, 09 Mar 2019 21:51:01 train.py[line:66] INFO Val parts acc: sel: 0.025, cond: 0.575, group: 0.9, order: 0.7
Sat, 09 Mar 2019 21:51:01 train.py[line:87] INFO  Best val sel = 0.0375, cond = 0.6, group = 0.9, order = 0.7, tot = 0.0375
Sat, 09 Mar 2019 21:51:01 train.py[line:53] INFO Epoch 97 @ 2019-03-09 21:51:01.138442
Sat, 09 Mar 2019 21:51:03 train.py[line:56] INFO Loss = 6.770348310470581
Sat, 09 Mar 2019 21:51:04 train.py[line:59] INFO Train acc_qm: 0.025
Sat, 09 Mar 2019 21:51:04 train.py[line:61] INFO Train parts acc: sel: 0.025, cond: 0.45, group: 0.85, order: 0.5875
Sat, 09 Mar 2019 21:51:05 train.py[line:64] INFO Vak acc_qm: 0.025
Sat, 09 Mar 2019 21:51:05 train.py[line:66] INFO Val parts acc: sel: 0.025, cond: 0.525, group: 0.9, order: 0.5625
Sat, 09 Mar 2019 21:51:05 train.py[line:87] INFO  Best val sel = 0.0375, cond = 0.6, group = 0.9, order = 0.7, tot = 0.0375
Sat, 09 Mar 2019 21:51:05 train.py[line:53] INFO Epoch 98 @ 2019-03-09 21:51:05.266834
Sat, 09 Mar 2019 21:51:07 train.py[line:56] INFO Loss = 6.7523016929626465
Sat, 09 Mar 2019 21:51:08 train.py[line:59] INFO Train acc_qm: 0.0375
Sat, 09 Mar 2019 21:51:08 train.py[line:61] INFO Train parts acc: sel: 0.0375, cond: 0.4875, group: 0.85, order: 0.6
Sat, 09 Mar 2019 21:51:09 train.py[line:64] INFO Vak acc_qm: 0.0375
Sat, 09 Mar 2019 21:51:09 train.py[line:66] INFO Val parts acc: sel: 0.0375, cond: 0.5875, group: 0.9, order: 0.65
Sat, 09 Mar 2019 21:51:09 train.py[line:87] INFO  Best val sel = 0.0375, cond = 0.6, group = 0.9, order = 0.7, tot = 0.0375
Sat, 09 Mar 2019 21:51:09 train.py[line:53] INFO Epoch 99 @ 2019-03-09 21:51:09.250385
Sat, 09 Mar 2019 21:51:11 train.py[line:56] INFO Loss = 6.7042282819747925
Sat, 09 Mar 2019 21:51:12 train.py[line:59] INFO Train acc_qm: 0.0375
Sat, 09 Mar 2019 21:51:12 train.py[line:61] INFO Train parts acc: sel: 0.0375, cond: 0.525, group: 0.85, order: 0.5375
Sat, 09 Mar 2019 21:51:13 train.py[line:64] INFO Vak acc_qm: 0.0375
Sat, 09 Mar 2019 21:51:13 train.py[line:66] INFO Val parts acc: sel: 0.0375, cond: 0.6, group: 0.9, order: 0.3625
Sat, 09 Mar 2019 21:51:13 train.py[line:87] INFO  Best val sel = 0.0375, cond = 0.6, group = 0.9, order = 0.7, tot = 0.0375
Sat, 09 Mar 2019 21:51:13 train.py[line:53] INFO Epoch 100 @ 2019-03-09 21:51:13.495851
Sat, 09 Mar 2019 21:51:15 train.py[line:56] INFO Loss = 6.752107858657837
Sat, 09 Mar 2019 21:51:16 train.py[line:59] INFO Train acc_qm: 0.025
Sat, 09 Mar 2019 21:51:16 train.py[line:61] INFO Train parts acc: sel: 0.025, cond: 0.475, group: 0.85, order: 0.475
Sat, 09 Mar 2019 21:51:17 train.py[line:64] INFO Vak acc_qm: 0.025
Sat, 09 Mar 2019 21:51:17 train.py[line:66] INFO Val parts acc: sel: 0.025, cond: 0.5875, group: 0.9, order: 0.275
Sat, 09 Mar 2019 21:51:17 train.py[line:87] INFO  Best val sel = 0.0375, cond = 0.6, group = 0.9, order = 0.7, tot = 0.0375
